Flutter crash report.
Please report a bug at https://github.com/flutter/flutter/issues.

## command

flutter run -d chrome

## exception

ProcessPackageException: ProcessException: Failed to find "C:\Users\JovelCabz\dev\flutter\bin\cache\dart-sdk\bin\dartaotruntime.exe" in the search path.
  Command: C:\Users\JovelCabz\dev\flutter\bin\cache\dart-sdk\bin\dartaotruntime.exe 

```
#0      LocalProcessManager.start (package:process/src/interface/local_process_manager.dart:56:7)
#1      ErrorHandlingProcessManager.start.<anonymous closure> (package:flutter_tools/src/base/error_handling_io.dart:686:24)
#2      _run (package:flutter_tools/src/base/error_handling_io.dart:556:20)
#3      ErrorHandlingProcessManager.start (package:flutter_tools/src/base/error_handling_io.dart:685:12)
#4      DefaultResidentCompiler._compile (package:flutter_tools/src/compile.dart:874:37)
#5      DefaultResidentCompiler._recompile (package:flutter_tools/src/compile.dart:734:14)
#6      _RecompileRequest._run (package:flutter_tools/src/compile.dart:420:16)
#7      _CompilationRequest.run (package:flutter_tools/src/compile.dart:394:30)
#8      DefaultResidentCompiler._handleCompilationRequest (package:flutter_tools/src/compile.dart:780:23)
#9      _rootRunUnary (dart:async/zone.dart:1407:47)
#10     _CustomZone.runUnary (dart:async/zone.dart:1308:19)
#11     _CustomZone.runUnaryGuarded (dart:async/zone.dart:1217:7)
#12     _BufferingStreamSubscription._sendData (dart:async/stream_impl.dart:365:11)
#13     _DelayedData.perform (dart:async/stream_impl.dart:541:14)
#14     _PendingEvents.handleNext (dart:async/stream_impl.dart:646:11)
#15     _PendingEvents.schedule.<anonymous closure> (dart:async/stream_impl.dart:617:7)
#16     _rootRun (dart:async/zone.dart:1391:47)
#17     _CustomZone.run (dart:async/zone.dart:1301:19)
#18     _CustomZone.runGuarded (dart:async/zone.dart:1209:7)
#19     _CustomZone.bindCallbackGuarded.<anonymous closure> (dart:async/zone.dart:1249:23)
#20     _rootRun (dart:async/zone.dart:1399:13)
#21     _CustomZone.run (dart:async/zone.dart:1301:19)
#22     _CustomZone.runGuarded (dart:async/zone.dart:1209:7)
#23     _CustomZone.bindCallbackGuarded.<anonymous closure> (dart:async/zone.dart:1249:23)
#24     _microtaskLoop (dart:async/schedule_microtask.dart:40:21)
#25     _startMicrotaskLoop (dart:async/schedule_microtask.dart:49:5)
#26     _runPendingImmediateCallback (dart:isolate-patch/isolate_patch.dart:118:13)
#27     _RawReceivePort._handleMessage (dart:isolate-patch/isolate_patch.dart:185:5)
```

## flutter doctor

```
[32m[✓][39m Flutter (Channel master, 3.20.0-17.0.pre.57, on Microsoft Windows [Version 10.0.22631.3235], locale en-PH)
    [32m•[39m Flutter version 3.20.0-17.0.pre.57 on channel master at C:\Users\JovelCabz\dev\flutter
    [32m•[39m Upstream repository https://github.com/flutter/flutter.git
    [32m•[39m Framework revision d3c274b255 (2 days ago), 2024-03-03 22:35:35 -0500
    [32m•[39m Engine revision c52b3033ec
    [32m•[39m Dart version 3.4.0 (build 3.4.0-190.0.dev)
    [32m•[39m DevTools version 2.33.1

[32m[✓][39m Windows Version (Installed version of Windows is version 10 or higher)

[31m[✗][39m Android toolchain - develop for Android devices
    [31m✗[39m Unable to locate Android SDK.
      Install Android Studio from: https://developer.android.com/studio/index.html
      On first launch it will assist you in installing the Android SDK components.
      (or visit https://flutter.dev/docs/get-started/install/windows#android-setup for detailed instructions).
      If the Android SDK has been installed to a custom location, please use
      `flutter config --android-sdk` to update to that location.


[32m[✓][39m Chrome - develop for the web
    [32m•[39m Chrome at C:\Program Files\Google\Chrome\Application\chrome.exe

[31m[✗][39m Visual Studio - develop Windows apps
    [31m✗[39m Visual Studio not installed; this is necessary to develop Windows apps.
      Download at https://visualstudio.microsoft.com/downloads/.
      Please install the "Desktop development with C++" workload, including all of its default components

[33m[!][39m Android Studio (not installed)
    [32m•[39m Android Studio not found; download from https://developer.android.com/studio/index.html
      (or visit https://flutter.dev/docs/get-started/install/windows#android-setup for detailed instructions).

[32m[✓][39m VS Code (version 1.87.0)
    [32m•[39m VS Code at C:\Users\JovelCabz\AppData\Local\Programs\Microsoft VS Code
    [32m•[39m Flutter extension version 3.84.0

[32m[✓][39m Connected device (3 available)
    [32m•[39m Windows (desktop) • windows • windows-x64    • Microsoft Windows [Version 10.0.22631.3235]
    [32m•[39m Chrome (web)      • chrome  • web-javascript • Google Chrome 122.0.6261.95
    [32m•[39m Edge (web)        • edge    • web-javascript • Microsoft Edge 122.0.2365.66

[32m[✓][39m Network resources
    [32m•[39m All expected network resources are available.

[33m![39m Doctor found issues in 3 categories.
```
